<?xml version="1.0" encoding="UTF-8"?>
<!-- Generated by org.testng.reporters.JUnitXMLReporter -->
<testsuite ignored="2" hostname="Surajit" failures="1" tests="2" name="Test" time="22.173" errors="0" timestamp="2022-12-02T21:29:06 IST">
  <testcase classname="MyTest.SeleniumDemo" name="Amazon" time="15.86">
    <skipped/>
  </testcase> <!-- Amazon -->
  <testcase classname="MyTest.SeleniumDemo" name="Amazon" time="4.582">
    <failure type="java.lang.AssertionError" message="Title didn&amp;apos;t match expected [true] but found [false]">
      <![CDATA[java.lang.AssertionError: Title didn't match expected [true] but found [false]
at MyTest.SeleniumDemo.Amazon(SeleniumDemo.java:57)
at java.base/java.util.concurrent.ThreadPoolExecutor.runWorker(ThreadPoolExecutor.java:1136)
at java.base/java.util.concurrent.ThreadPoolExecutor$Worker.run(ThreadPoolExecutor.java:635)
at java.base/java.lang.Thread.run(Thread.java:833)
... Removed 15 stack frames]]>
    </failure>
  </testcase> <!-- Amazon -->
  <testcase classname="MyTest.SeleniumDemo" name="MMT" time="0.0">
    <ignored/>
  </testcase> <!-- MMT -->
  <testcase classname="MyTest.SeleniumDemo" name="LaunchFB" time="0.0">
    <ignored/>
  </testcase> <!-- LaunchFB -->
</testsuite> <!-- Test -->
